<?xml version="1.0" encoding="UTF-8"?>
<testng-results skipped="0" failed="0" ignored="0" total="1" passed="1">
  <reporter-output>
  </reporter-output>
  <suite name="Suite" duration-ms="44975" started-at="2022-04-11T01:04:31 IST" finished-at="2022-04-11T01:05:16 IST">
    <groups>
    </groups>
    <test name="Test" duration-ms="44975" started-at="2022-04-11T01:04:31 IST" finished-at="2022-04-11T01:05:16 IST">
      <class name="com.inventory.test.InventoryTest">
        <test-method status="PASS" signature="setup()[pri:0, instance:com.inventory.test.InventoryTest@5939a379]" name="setup" is-config="true" duration-ms="3926" started-at="2022-04-11T01:04:31 IST" finished-at="2022-04-11T01:04:35 IST">
          <reporter-output>
          </reporter-output>
        </test-method> <!-- setup -->
        <test-method status="PASS" signature="testRecharge()[pri:1, instance:com.inventory.test.InventoryTest@5939a379]" name="testRecharge" duration-ms="40953" started-at="2022-04-11T01:04:35 IST" description="Validate created Manufacturing Order" finished-at="2022-04-11T01:05:16 IST">
          <reporter-output>
          </reporter-output>
        </test-method> <!-- testRecharge -->
        <test-method status="PASS" signature="closeBrowser()[pri:0, instance:com.inventory.test.InventoryTest@5939a379]" name="closeBrowser" is-config="true" duration-ms="64" started-at="2022-04-11T01:05:16 IST" finished-at="2022-04-11T01:05:16 IST">
          <reporter-output>
          </reporter-output>
        </test-method> <!-- closeBrowser -->
      </class> <!-- com.inventory.test.InventoryTest -->
    </test> <!-- Test -->
  </suite> <!-- Suite -->
</testng-results>
